# Logfile created on 2014-01-22 13:14:22 +0100 by logger.rb/41954
I, [2014-01-22T13:14:22.537140 #6188]  INFO -- : 0:  builder (3.2.2) from /Users/repli/.rvm/gems/ruby-2.0.0-p353/specifications/builder-3.2.2.gemspec
I, [2014-01-22T13:14:22.537600 #6188]  INFO -- : 0:  mime-types (2.0) from /Users/repli/.rvm/gems/ruby-2.0.0-p353/specifications/mime-types-2.0.gemspec
I, [2014-01-22T13:14:22.537975 #6188]  INFO -- : 0:  mini_portile (0.5.2) from /Users/repli/.rvm/gems/ruby-2.0.0-p353/specifications/mini_portile-0.5.2.gemspec
I, [2014-01-22T13:16:10.800767 #6188]  INFO -- : 0:  nokogiri (1.6.1) from /Users/repli/.rvm/gems/ruby-2.0.0-p353/specifications/nokogiri-1.6.1.gemspec
I, [2014-01-22T13:16:10.801490 #6188]  INFO -- : 0:  rack (1.5.2) from /Users/repli/.rvm/gems/ruby-2.0.0-p353/specifications/rack-1.5.2.gemspec
I, [2014-01-22T13:16:10.801880 #6188]  INFO -- : 0:  rack-test (0.6.2) from /Users/repli/.rvm/gems/ruby-2.0.0-p353/specifications/rack-test-0.6.2.gemspec
I, [2014-01-22T13:16:10.802236 #6188]  INFO -- : 0:  xpath (2.0.0) from /Users/repli/.rvm/gems/ruby-2.0.0-p353/specifications/xpath-2.0.0.gemspec
I, [2014-01-22T13:16:15.544952 #6188]  INFO -- : 0:  capybara (2.2.1) from /Users/repli/.rvm/gems/ruby-2.0.0-p353/specifications/capybara-2.2.1.gemspec
I, [2014-01-22T13:16:15.545477 #6188]  INFO -- : 0:  json (1.8.1) from /Users/repli/.rvm/gems/ruby-2.0.0-p353/specifications/json-1.8.1.gemspec
I, [2014-01-22T13:16:15.545831 #6188]  INFO -- : 0:  capybara-webkit (1.1.0) from /Users/repli/.rvm/gems/ruby-2.0.0-p353/specifications/capybara-webkit-1.1.0.gemspec
I, [2014-01-22T13:16:15.546168 #6188]  INFO -- : 0:  ffi (1.9.3) from /Users/repli/.rvm/gems/ruby-2.0.0-p353/specifications/ffi-1.9.3.gemspec
I, [2014-01-22T13:16:15.546499 #6188]  INFO -- : 0:  childprocess (0.3.9) from /Users/repli/.rvm/gems/ruby-2.0.0-p353/specifications/childprocess-0.3.9.gemspec
I, [2014-01-22T13:16:15.546829 #6188]  INFO -- : 0:  diff-lcs (1.2.5) from /Users/repli/.rvm/gems/ruby-2.0.0-p353/specifications/diff-lcs-1.2.5.gemspec
I, [2014-01-22T13:16:15.547162 #6188]  INFO -- : 0:  multi_json (1.8.4) from /Users/repli/.rvm/gems/ruby-2.0.0-p353/specifications/multi_json-1.8.4.gemspec
I, [2014-01-22T13:16:15.547531 #6188]  INFO -- : 0:  gherkin (2.12.2) from /Users/repli/.rvm/gems/ruby-2.0.0-p353/specifications/gherkin-2.12.2.gemspec
I, [2014-01-22T13:16:16.227099 #6188]  INFO -- : 0:  multi_test (0.0.3) from /Users/repli/.rvm/gems/ruby-2.0.0-p353/specifications/multi_test-0.0.3.gemspec
I, [2014-01-22T13:16:16.227499 #6188]  INFO -- : 0:  cucumber (1.3.10) from /Users/repli/.rvm/gems/ruby-2.0.0-p353/specifications/cucumber-1.3.10.gemspec
I, [2014-01-22T13:16:16.227780 #6188]  INFO -- : 0:  daemons (1.1.9) from /Users/repli/.rvm/gems/ruby-2.0.0-p353/specifications/daemons-1.1.9.gemspec
I, [2014-01-22T13:16:16.228060 #6188]  INFO -- : 0:  eventmachine (1.0.3) from /Users/repli/.rvm/gems/ruby-2.0.0-p353/specifications/eventmachine-1.0.3.gemspec
I, [2014-01-22T13:16:17.026798 #6188]  INFO -- : 0:  rack-protection (1.5.2) from /Users/repli/.rvm/gems/ruby-2.0.0-p353/specifications/rack-protection-1.5.2.gemspec
I, [2014-01-22T13:16:17.027211 #6188]  INFO -- : 0:  rspec-core (2.14.7) from /Users/repli/.rvm/gems/ruby-2.0.0-p353/specifications/rspec-core-2.14.7.gemspec
I, [2014-01-22T13:16:17.027492 #6188]  INFO -- : 0:  rspec-expectations (2.14.4) from /Users/repli/.rvm/gems/ruby-2.0.0-p353/specifications/rspec-expectations-2.14.4.gemspec
I, [2014-01-22T13:16:17.027763 #6188]  INFO -- : 0:  rspec-mocks (2.14.4) from /Users/repli/.rvm/gems/ruby-2.0.0-p353/specifications/rspec-mocks-2.14.4.gemspec
I, [2014-01-22T13:16:17.028031 #6188]  INFO -- : 0:  rspec (2.14.1) from /Users/repli/.rvm/gems/ruby-2.0.0-p353/specifications/rspec-2.14.1.gemspec
I, [2014-01-22T13:16:17.802625 #6188]  INFO -- : 0:  rubyzip (1.1.0) from /Users/repli/.rvm/gems/ruby-2.0.0-p353/specifications/rubyzip-1.1.0.gemspec
I, [2014-01-22T13:16:17.803002 #6188]  INFO -- : 0:  websocket (1.0.7) from /Users/repli/.rvm/gems/ruby-2.0.0-p353/specifications/websocket-1.0.7.gemspec
I, [2014-01-22T13:16:22.191015 #6188]  INFO -- : 0:  selenium-webdriver (2.39.0) from /Users/repli/.rvm/gems/ruby-2.0.0-p353/specifications/selenium-webdriver-2.39.0.gemspec
I, [2014-01-22T13:16:22.191512 #6188]  INFO -- : 0:  tilt (1.4.1) from /Users/repli/.rvm/gems/ruby-2.0.0-p353/specifications/tilt-1.4.1.gemspec
I, [2014-01-22T13:16:22.191849 #6188]  INFO -- : 0:  sinatra (1.4.4) from /Users/repli/.rvm/gems/ruby-2.0.0-p353/specifications/sinatra-1.4.4.gemspec
I, [2014-01-22T13:16:22.192129 #6188]  INFO -- : 0:  thin (1.6.1) from /Users/repli/.rvm/gems/ruby-2.0.0-p353/specifications/thin-1.6.1.gemspec
I, [2014-01-22T13:16:22.192393 #6188]  INFO -- : 0:  bundler (1.5.1) from /Users/repli/.rvm/gems/ruby-2.0.0-p353@global/specifications/bundler-1.5.1.gemspec
I, [2014-01-22T14:45:52.356678 #21790]  INFO -- : 0:  rake (10.1.1) from /Users/repli/.rvm/gems/ruby-2.0.0-p353/specifications/rake-10.1.1.gemspec
I, [2014-01-22T14:45:52.362651 #21790]  INFO -- : 0:  builder (3.2.2) from /Users/repli/.rvm/gems/ruby-2.0.0-p353/specifications/builder-3.2.2.gemspec
I, [2014-01-22T14:45:52.362967 #21790]  INFO -- : 0:  mime-types (2.0) from /Users/repli/.rvm/gems/ruby-2.0.0-p353/specifications/mime-types-2.0.gemspec
I, [2014-01-22T14:45:52.363243 #21790]  INFO -- : 0:  mini_portile (0.5.2) from /Users/repli/.rvm/gems/ruby-2.0.0-p353/specifications/mini_portile-0.5.2.gemspec
I, [2014-01-22T14:45:52.363522 #21790]  INFO -- : 0:  nokogiri (1.6.1) from /Users/repli/.rvm/gems/ruby-2.0.0-p353/specifications/nokogiri-1.6.1.gemspec
I, [2014-01-22T14:45:52.363789 #21790]  INFO -- : 0:  rack (1.5.2) from /Users/repli/.rvm/gems/ruby-2.0.0-p353/specifications/rack-1.5.2.gemspec
I, [2014-01-22T14:45:52.364054 #21790]  INFO -- : 0:  rack-test (0.6.2) from /Users/repli/.rvm/gems/ruby-2.0.0-p353/specifications/rack-test-0.6.2.gemspec
I, [2014-01-22T14:45:52.364336 #21790]  INFO -- : 0:  xpath (2.0.0) from /Users/repli/.rvm/gems/ruby-2.0.0-p353/specifications/xpath-2.0.0.gemspec
I, [2014-01-22T14:45:52.364813 #21790]  INFO -- : 0:  capybara (2.2.1) from /Users/repli/.rvm/gems/ruby-2.0.0-p353/specifications/capybara-2.2.1.gemspec
I, [2014-01-22T14:45:52.365284 #21790]  INFO -- : 0:  json (1.8.1) from /Users/repli/.rvm/gems/ruby-2.0.0-p353/specifications/json-1.8.1.gemspec
I, [2014-01-22T14:45:52.365773 #21790]  INFO -- : 0:  capybara-webkit (1.1.0) from /Users/repli/.rvm/gems/ruby-2.0.0-p353/specifications/capybara-webkit-1.1.0.gemspec
I, [2014-01-22T14:45:52.366261 #21790]  INFO -- : 0:  ffi (1.9.3) from /Users/repli/.rvm/gems/ruby-2.0.0-p353/specifications/ffi-1.9.3.gemspec
I, [2014-01-22T14:45:52.366738 #21790]  INFO -- : 0:  childprocess (0.3.9) from /Users/repli/.rvm/gems/ruby-2.0.0-p353/specifications/childprocess-0.3.9.gemspec
I, [2014-01-22T14:45:52.367205 #21790]  INFO -- : 0:  diff-lcs (1.2.5) from /Users/repli/.rvm/gems/ruby-2.0.0-p353/specifications/diff-lcs-1.2.5.gemspec
I, [2014-01-22T14:45:52.367672 #21790]  INFO -- : 0:  multi_json (1.8.4) from /Users/repli/.rvm/gems/ruby-2.0.0-p353/specifications/multi_json-1.8.4.gemspec
I, [2014-01-22T14:45:52.368125 #21790]  INFO -- : 0:  gherkin (2.12.2) from /Users/repli/.rvm/gems/ruby-2.0.0-p353/specifications/gherkin-2.12.2.gemspec
I, [2014-01-22T14:45:52.368605 #21790]  INFO -- : 0:  multi_test (0.0.3) from /Users/repli/.rvm/gems/ruby-2.0.0-p353/specifications/multi_test-0.0.3.gemspec
I, [2014-01-22T14:45:52.369082 #21790]  INFO -- : 0:  cucumber (1.3.10) from /Users/repli/.rvm/gems/ruby-2.0.0-p353/specifications/cucumber-1.3.10.gemspec
I, [2014-01-22T14:45:52.369545 #21790]  INFO -- : 0:  daemons (1.1.9) from /Users/repli/.rvm/gems/ruby-2.0.0-p353/specifications/daemons-1.1.9.gemspec
I, [2014-01-22T14:45:52.369836 #21790]  INFO -- : 0:  eventmachine (1.0.3) from /Users/repli/.rvm/gems/ruby-2.0.0-p353/specifications/eventmachine-1.0.3.gemspec
I, [2014-01-22T14:45:52.370113 #21790]  INFO -- : 0:  rack-protection (1.5.2) from /Users/repli/.rvm/gems/ruby-2.0.0-p353/specifications/rack-protection-1.5.2.gemspec
I, [2014-01-22T14:45:52.370380 #21790]  INFO -- : 0:  rspec-core (2.14.7) from /Users/repli/.rvm/gems/ruby-2.0.0-p353/specifications/rspec-core-2.14.7.gemspec
I, [2014-01-22T14:45:52.370678 #21790]  INFO -- : 0:  rspec-expectations (2.14.4) from /Users/repli/.rvm/gems/ruby-2.0.0-p353/specifications/rspec-expectations-2.14.4.gemspec
I, [2014-01-22T14:45:52.370944 #21790]  INFO -- : 0:  rspec-mocks (2.14.4) from /Users/repli/.rvm/gems/ruby-2.0.0-p353/specifications/rspec-mocks-2.14.4.gemspec
I, [2014-01-22T14:45:52.371268 #21790]  INFO -- : 0:  rspec (2.14.1) from /Users/repli/.rvm/gems/ruby-2.0.0-p353/specifications/rspec-2.14.1.gemspec
I, [2014-01-22T14:45:52.371542 #21790]  INFO -- : 0:  rubyzip (1.1.0) from /Users/repli/.rvm/gems/ruby-2.0.0-p353/specifications/rubyzip-1.1.0.gemspec
I, [2014-01-22T14:45:52.371803 #21790]  INFO -- : 0:  websocket (1.0.7) from /Users/repli/.rvm/gems/ruby-2.0.0-p353/specifications/websocket-1.0.7.gemspec
I, [2014-01-22T14:45:52.372075 #21790]  INFO -- : 0:  selenium-webdriver (2.39.0) from /Users/repli/.rvm/gems/ruby-2.0.0-p353/specifications/selenium-webdriver-2.39.0.gemspec
I, [2014-01-22T14:45:52.372382 #21790]  INFO -- : 0:  tilt (1.4.1) from /Users/repli/.rvm/gems/ruby-2.0.0-p353/specifications/tilt-1.4.1.gemspec
I, [2014-01-22T14:45:52.378476 #21790]  INFO -- : 0:  sinatra (1.4.4) from /Users/repli/.rvm/gems/ruby-2.0.0-p353/specifications/sinatra-1.4.4.gemspec
I, [2014-01-22T14:45:52.379065 #21790]  INFO -- : 0:  thin (1.6.1) from /Users/repli/.rvm/gems/ruby-2.0.0-p353/specifications/thin-1.6.1.gemspec
I, [2014-01-22T14:45:52.379492 #21790]  INFO -- : 0:  bundler (1.5.1) from /Users/repli/.rvm/gems/ruby-2.0.0-p353@global/specifications/bundler-1.5.1.gemspec
